2021-06-09 22:29:28.524 INFO  com.cq.wiki.config.WikiApplication                :55   [32m                  [0;39m Starting WikiApplication on LAPTOP-T0P8U4U3 with PID 5392 (D:\IdeaProjects\wiki\target\classes started by 程崎 in D:\IdeaProjects\wiki)
2021-06-09 22:29:28.528 INFO  com.cq.wiki.config.WikiApplication                :651  [32m                  [0;39m No active profile set, falling back to default profiles: default
2021-06-09 22:29:28.574 INFO  o.s.b.d.env.DevToolsPropertyDefaultsPostProcessor :225  [32m                  [0;39m Devtools property defaults active! Set 'spring.devtools.add-properties' to 'false' to disable
2021-06-09 22:29:28.575 INFO  o.s.b.d.env.DevToolsPropertyDefaultsPostProcessor :225  [32m                  [0;39m For additional web related logging consider setting the 'logging.level.web' property to 'DEBUG'
2021-06-09 22:29:29.729 INFO  o.s.boot.web.embedded.tomcat.TomcatWebServer      :108  [32m                  [0;39m Tomcat initialized with port(s): 8880 (http)
2021-06-09 22:29:29.738 INFO  org.apache.coyote.http11.Http11NioProtocol        :173  [32m                  [0;39m Initializing ProtocolHandler ["http-nio-8880"]
2021-06-09 22:29:29.739 INFO  org.apache.catalina.core.StandardService          :173  [32m                  [0;39m Starting service [Tomcat]
2021-06-09 22:29:29.739 INFO  org.apache.catalina.core.StandardEngine           :173  [32m                  [0;39m Starting Servlet engine: [Apache Tomcat/9.0.37]
2021-06-09 22:29:29.742 INFO  org.apache.catalina.core.AprLifecycleListener     :173  [32m                  [0;39m An older version [1.2.14] of the Apache Tomcat Native library is installed, while Tomcat recommends a minimum version of [1.2.23]
2021-06-09 22:29:29.742 INFO  org.apache.catalina.core.AprLifecycleListener     :173  [32m                  [0;39m Loaded Apache Tomcat Native library [1.2.14] using APR version [1.6.2].
2021-06-09 22:29:29.742 INFO  org.apache.catalina.core.AprLifecycleListener     :173  [32m                  [0;39m APR capabilities: IPv6 [true], sendfile [true], accept filters [false], random [true].
2021-06-09 22:29:29.743 INFO  org.apache.catalina.core.AprLifecycleListener     :173  [32m                  [0;39m APR/OpenSSL configuration: useAprConnector [false], useOpenSSL [true]
2021-06-09 22:29:30.771 INFO  org.apache.catalina.core.AprLifecycleListener     :173  [32m                  [0;39m OpenSSL successfully initialized [OpenSSL 1.0.2l  25 May 2017]
2021-06-09 22:29:30.837 INFO  o.a.c.core.ContainerBase.[Tomcat].[localhost].[/] :173  [32m                  [0;39m Initializing Spring embedded WebApplicationContext
2021-06-09 22:29:30.837 INFO  o.s.b.w.s.c.ServletWebServerApplicationContext    :285  [32m                  [0;39m Root WebApplicationContext: initialization completed in 2262 ms
2021-06-09 22:29:31.431 INFO  o.s.scheduling.concurrent.ThreadPoolTaskExecutor  :181  [32m                  [0;39m Initializing ExecutorService 'applicationTaskExecutor'
2021-06-09 22:29:31.680 INFO  o.s.b.d.autoconfigure.OptionalLiveReloadServer    :58   [32m                  [0;39m LiveReload server is running on port 35729
2021-06-09 22:29:31.696 INFO  org.apache.coyote.http11.Http11NioProtocol        :173  [32m                  [0;39m Starting ProtocolHandler ["http-nio-8880"]
2021-06-09 22:29:31.716 INFO  o.s.boot.web.embedded.tomcat.TomcatWebServer      :220  [32m                  [0;39m Tomcat started on port(s): 8880 (http) with context path ''
2021-06-09 22:29:31.727 INFO  com.cq.wiki.config.WikiApplication                :61   [32m                  [0;39m Started WikiApplication in 3.656 seconds (JVM running for 4.426)
2021-06-09 22:29:31.729 INFO  com.cq.wiki.config.WikiApplication                :22   [32m                  [0;39m 启动成功！！
2021-06-09 22:29:31.730 INFO  com.cq.wiki.config.WikiApplication                :23   [32m                  [0;39m 地址: 	http://127.0.0.1:8880
2021-06-09 22:30:14.516 INFO  o.a.c.core.ContainerBase.[Tomcat].[localhost].[/] :173  [32m                  [0;39m Initializing Spring DispatcherServlet 'dispatcherServlet'
2021-06-09 22:30:14.517 INFO  org.springframework.web.servlet.DispatcherServlet :525  [32m                  [0;39m Initializing Servlet 'dispatcherServlet'
2021-06-09 22:30:14.526 INFO  org.springframework.web.servlet.DispatcherServlet :547  [32m                  [0;39m Completed initialization in 9 ms
2021-06-09 22:30:14.531 INFO  com.cq.wiki.filter.LogFilter                      :25   [32m                  [0;39m ------------- LogFilter 开始 -------------
2021-06-09 22:30:14.531 INFO  com.cq.wiki.filter.LogFilter                      :26   [32m                  [0;39m 请求地址: http://localhost:8880/test/list GET
2021-06-09 22:30:14.532 INFO  com.cq.wiki.filter.LogFilter                      :27   [32m                  [0;39m 远程地址: 127.0.0.1
2021-06-09 22:30:14.537 INFO  com.cq.wiki.interceptor.LogInterceptor            :23   [32m                  [0;39m ------------- LogInterceptor 开始 -------------
2021-06-09 22:30:14.538 INFO  com.cq.wiki.interceptor.LogInterceptor            :24   [32m                  [0;39m 请求地址: http://localhost:8880/test/list GET
2021-06-09 22:30:14.538 INFO  com.cq.wiki.interceptor.LogInterceptor            :25   [32m                  [0;39m 远程地址: 127.0.0.1
2021-06-09 22:30:14.548 INFO  com.cq.wiki.aspect.LogAspect                      :44   [32m                  [0;39m ------------- 开始 -------------
2021-06-09 22:30:14.548 INFO  com.cq.wiki.aspect.LogAspect                      :45   [32m                  [0;39m 请求地址: http://localhost:8880/test/list GET
2021-06-09 22:30:14.548 INFO  com.cq.wiki.aspect.LogAspect                      :46   [32m                  [0;39m 类名方法: com.cq.wiki.controller.TestController.list
2021-06-09 22:30:14.548 INFO  com.cq.wiki.aspect.LogAspect                      :47   [32m                  [0;39m 远程地址: 127.0.0.1
2021-06-09 22:30:14.592 INFO  com.cq.wiki.aspect.LogAspect                      :67   [32m                  [0;39m 请求参数: []
2021-06-09 22:30:14.614 INFO  com.zaxxer.hikari.HikariDataSource                :110  [32m                  [0;39m HikariPool-1 - Starting...
2021-06-09 22:30:15.130 INFO  com.zaxxer.hikari.HikariDataSource                :123  [32m                  [0;39m HikariPool-1 - Start completed.
2021-06-09 22:30:15.196 INFO  com.cq.wiki.aspect.LogAspect                      :79   [32m                  [0;39m 返回结果: [{"id":1,"name":"测试"}]
2021-06-09 22:30:15.196 INFO  com.cq.wiki.aspect.LogAspect                      :80   [32m                  [0;39m ------------- 结束 耗时：650 ms -------------
2021-06-09 22:30:15.255 INFO  com.cq.wiki.interceptor.LogInterceptor            :35   [32m                  [0;39m ------------- LogInterceptor 结束 耗时：717 ms -------------
2021-06-09 22:30:15.257 INFO  com.cq.wiki.filter.LogFilter                      :31   [32m                  [0;39m ------------- LogFilter 结束 耗时：725 ms -------------
2021-06-09 22:59:48.054 INFO  o.s.scheduling.concurrent.ThreadPoolTaskExecutor  :218  [32m                  [0;39m Shutting down ExecutorService 'applicationTaskExecutor'
2021-06-09 22:59:48.055 INFO  com.zaxxer.hikari.HikariDataSource                :350  [32m                  [0;39m HikariPool-1 - Shutdown initiated...
2021-06-09 22:59:48.066 INFO  com.zaxxer.hikari.HikariDataSource                :352  [32m                  [0;39m HikariPool-1 - Shutdown completed.
2021-06-09 22:59:48.207 INFO  com.cq.wiki.config.WikiApplication                :55   [32m                  [0;39m Starting WikiApplication on LAPTOP-T0P8U4U3 with PID 5392 (D:\IdeaProjects\wiki\target\classes started by 程崎 in D:\IdeaProjects\wiki)
2021-06-09 22:59:48.207 INFO  com.cq.wiki.config.WikiApplication                :651  [32m                  [0;39m No active profile set, falling back to default profiles: default
2021-06-09 22:59:48.461 INFO  o.s.boot.web.embedded.tomcat.TomcatWebServer      :108  [32m                  [0;39m Tomcat initialized with port(s): 8880 (http)
2021-06-09 22:59:48.462 INFO  org.apache.coyote.http11.Http11NioProtocol        :173  [32m                  [0;39m Initializing ProtocolHandler ["http-nio-8880"]
2021-06-09 22:59:48.462 INFO  org.apache.catalina.core.StandardService          :173  [32m                  [0;39m Starting service [Tomcat]
2021-06-09 22:59:48.462 INFO  org.apache.catalina.core.StandardEngine           :173  [32m                  [0;39m Starting Servlet engine: [Apache Tomcat/9.0.37]
2021-06-09 22:59:48.463 INFO  org.apache.catalina.core.AprLifecycleListener     :173  [32m                  [0;39m An older version [1.2.14] of the Apache Tomcat Native library is installed, while Tomcat recommends a minimum version of [1.2.23]
2021-06-09 22:59:48.463 INFO  org.apache.catalina.core.AprLifecycleListener     :173  [32m                  [0;39m Loaded Apache Tomcat Native library [1.2.14] using APR version [1.6.2].
2021-06-09 22:59:48.463 INFO  org.apache.catalina.core.AprLifecycleListener     :173  [32m                  [0;39m APR capabilities: IPv6 [true], sendfile [true], accept filters [false], random [true].
2021-06-09 22:59:48.463 INFO  org.apache.catalina.core.AprLifecycleListener     :173  [32m                  [0;39m APR/OpenSSL configuration: useAprConnector [false], useOpenSSL [true]
2021-06-09 22:59:48.463 INFO  org.apache.catalina.core.AprLifecycleListener     :173  [32m                  [0;39m OpenSSL successfully initialized [OpenSSL 1.0.2l  25 May 2017]
2021-06-09 22:59:48.473 INFO  o.a.c.core.ContainerBase.[Tomcat].[localhost].[/] :173  [32m                  [0;39m Initializing Spring embedded WebApplicationContext
2021-06-09 22:59:48.474 INFO  o.s.b.w.s.c.ServletWebServerApplicationContext    :285  [32m                  [0;39m Root WebApplicationContext: initialization completed in 264 ms
2021-06-09 22:59:48.659 INFO  o.s.scheduling.concurrent.ThreadPoolTaskExecutor  :181  [32m                  [0;39m Initializing ExecutorService 'applicationTaskExecutor'
2021-06-09 22:59:48.792 INFO  o.s.b.d.autoconfigure.OptionalLiveReloadServer    :58   [32m                  [0;39m LiveReload server is running on port 35729
2021-06-09 22:59:48.800 INFO  org.apache.coyote.http11.Http11NioProtocol        :173  [32m                  [0;39m Starting ProtocolHandler ["http-nio-8880"]
2021-06-09 22:59:48.806 INFO  o.s.boot.web.embedded.tomcat.TomcatWebServer      :220  [32m                  [0;39m Tomcat started on port(s): 8880 (http) with context path ''
2021-06-09 22:59:48.809 INFO  com.cq.wiki.config.WikiApplication                :61   [32m                  [0;39m Started WikiApplication in 0.629 seconds (JVM running for 1821.507)
2021-06-09 22:59:48.811 INFO  o.s.b.d.a.ConditionEvaluationDeltaLoggingListener :63   [32m                  [0;39m Condition evaluation unchanged
2021-06-09 22:59:48.811 INFO  com.cq.wiki.config.WikiApplication                :22   [32m                  [0;39m 启动成功！！
2021-06-09 22:59:48.812 INFO  com.cq.wiki.config.WikiApplication                :23   [32m                  [0;39m 地址: 	http://127.0.0.1:8880
2021-06-09 23:00:18.737 INFO  o.s.scheduling.concurrent.ThreadPoolTaskExecutor  :218  [32m                  [0;39m Shutting down ExecutorService 'applicationTaskExecutor'
2021-06-09 23:00:18.861 INFO  com.cq.wiki.config.WikiApplication                :55   [32m                  [0;39m Starting WikiApplication on LAPTOP-T0P8U4U3 with PID 5392 (D:\IdeaProjects\wiki\target\classes started by 程崎 in D:\IdeaProjects\wiki)
2021-06-09 23:00:18.861 INFO  com.cq.wiki.config.WikiApplication                :651  [32m                  [0;39m No active profile set, falling back to default profiles: default
2021-06-09 23:00:19.052 INFO  o.s.boot.web.embedded.tomcat.TomcatWebServer      :108  [32m                  [0;39m Tomcat initialized with port(s): 8880 (http)
2021-06-09 23:00:19.052 INFO  org.apache.coyote.http11.Http11NioProtocol        :173  [32m                  [0;39m Initializing ProtocolHandler ["http-nio-8880"]
2021-06-09 23:00:19.053 INFO  org.apache.catalina.core.StandardService          :173  [32m                  [0;39m Starting service [Tomcat]
2021-06-09 23:00:19.053 INFO  org.apache.catalina.core.StandardEngine           :173  [32m                  [0;39m Starting Servlet engine: [Apache Tomcat/9.0.37]
2021-06-09 23:00:19.053 INFO  org.apache.catalina.core.AprLifecycleListener     :173  [32m                  [0;39m An older version [1.2.14] of the Apache Tomcat Native library is installed, while Tomcat recommends a minimum version of [1.2.23]
2021-06-09 23:00:19.053 INFO  org.apache.catalina.core.AprLifecycleListener     :173  [32m                  [0;39m Loaded Apache Tomcat Native library [1.2.14] using APR version [1.6.2].
2021-06-09 23:00:19.054 INFO  org.apache.catalina.core.AprLifecycleListener     :173  [32m                  [0;39m APR capabilities: IPv6 [true], sendfile [true], accept filters [false], random [true].
2021-06-09 23:00:19.054 INFO  org.apache.catalina.core.AprLifecycleListener     :173  [32m                  [0;39m APR/OpenSSL configuration: useAprConnector [false], useOpenSSL [true]
2021-06-09 23:00:19.054 INFO  org.apache.catalina.core.AprLifecycleListener     :173  [32m                  [0;39m OpenSSL successfully initialized [OpenSSL 1.0.2l  25 May 2017]
2021-06-09 23:00:19.066 INFO  o.a.c.core.ContainerBase.[Tomcat].[localhost].[/] :173  [32m                  [0;39m Initializing Spring embedded WebApplicationContext
2021-06-09 23:00:19.067 INFO  o.s.b.w.s.c.ServletWebServerApplicationContext    :285  [32m                  [0;39m Root WebApplicationContext: initialization completed in 204 ms
2021-06-09 23:00:19.214 INFO  o.s.scheduling.concurrent.ThreadPoolTaskExecutor  :181  [32m                  [0;39m Initializing ExecutorService 'applicationTaskExecutor'
2021-06-09 23:00:19.331 INFO  o.s.b.d.autoconfigure.OptionalLiveReloadServer    :58   [32m                  [0;39m LiveReload server is running on port 35729
2021-06-09 23:00:19.338 INFO  org.apache.coyote.http11.Http11NioProtocol        :173  [32m                  [0;39m Starting ProtocolHandler ["http-nio-8880"]
2021-06-09 23:00:19.345 INFO  o.s.boot.web.embedded.tomcat.TomcatWebServer      :220  [32m                  [0;39m Tomcat started on port(s): 8880 (http) with context path ''
2021-06-09 23:00:19.348 INFO  com.cq.wiki.config.WikiApplication                :61   [32m                  [0;39m Started WikiApplication in 0.511 seconds (JVM running for 1852.047)
2021-06-09 23:00:19.350 INFO  o.s.b.d.a.ConditionEvaluationDeltaLoggingListener :63   [32m                  [0;39m Condition evaluation unchanged
2021-06-09 23:00:19.350 INFO  com.cq.wiki.config.WikiApplication                :22   [32m                  [0;39m 启动成功！！
2021-06-09 23:00:19.350 INFO  com.cq.wiki.config.WikiApplication                :23   [32m                  [0;39m 地址: 	http://127.0.0.1:8880
2021-06-09 23:00:52.324 INFO  o.s.scheduling.concurrent.ThreadPoolTaskExecutor  :218  [32m                  [0;39m Shutting down ExecutorService 'applicationTaskExecutor'
2021-06-09 23:00:52.453 INFO  com.cq.wiki.config.WikiApplication                :55   [32m                  [0;39m Starting WikiApplication on LAPTOP-T0P8U4U3 with PID 5392 (D:\IdeaProjects\wiki\target\classes started by 程崎 in D:\IdeaProjects\wiki)
2021-06-09 23:00:52.453 INFO  com.cq.wiki.config.WikiApplication                :651  [32m                  [0;39m No active profile set, falling back to default profiles: default
2021-06-09 23:00:52.677 INFO  o.s.boot.web.embedded.tomcat.TomcatWebServer      :108  [32m                  [0;39m Tomcat initialized with port(s): 8880 (http)
2021-06-09 23:00:52.678 INFO  org.apache.coyote.http11.Http11NioProtocol        :173  [32m                  [0;39m Initializing ProtocolHandler ["http-nio-8880"]
2021-06-09 23:00:52.678 INFO  org.apache.catalina.core.StandardService          :173  [32m                  [0;39m Starting service [Tomcat]
2021-06-09 23:00:52.678 INFO  org.apache.catalina.core.StandardEngine           :173  [32m                  [0;39m Starting Servlet engine: [Apache Tomcat/9.0.37]
2021-06-09 23:00:52.678 INFO  org.apache.catalina.core.AprLifecycleListener     :173  [32m                  [0;39m An older version [1.2.14] of the Apache Tomcat Native library is installed, while Tomcat recommends a minimum version of [1.2.23]
2021-06-09 23:00:52.678 INFO  org.apache.catalina.core.AprLifecycleListener     :173  [32m                  [0;39m Loaded Apache Tomcat Native library [1.2.14] using APR version [1.6.2].
2021-06-09 23:00:52.678 INFO  org.apache.catalina.core.AprLifecycleListener     :173  [32m                  [0;39m APR capabilities: IPv6 [true], sendfile [true], accept filters [false], random [true].
2021-06-09 23:00:52.679 INFO  org.apache.catalina.core.AprLifecycleListener     :173  [32m                  [0;39m APR/OpenSSL configuration: useAprConnector [false], useOpenSSL [true]
2021-06-09 23:00:52.679 INFO  org.apache.catalina.core.AprLifecycleListener     :173  [32m                  [0;39m OpenSSL successfully initialized [OpenSSL 1.0.2l  25 May 2017]
2021-06-09 23:00:52.688 INFO  o.a.c.core.ContainerBase.[Tomcat].[localhost].[/] :173  [32m                  [0;39m Initializing Spring embedded WebApplicationContext
2021-06-09 23:00:52.688 INFO  o.s.b.w.s.c.ServletWebServerApplicationContext    :285  [32m                  [0;39m Root WebApplicationContext: initialization completed in 233 ms
2021-06-09 23:00:52.851 INFO  o.s.scheduling.concurrent.ThreadPoolTaskExecutor  :181  [32m                  [0;39m Initializing ExecutorService 'applicationTaskExecutor'
2021-06-09 23:00:52.980 INFO  o.s.b.d.autoconfigure.OptionalLiveReloadServer    :58   [32m                  [0;39m LiveReload server is running on port 35729
2021-06-09 23:00:52.987 INFO  org.apache.coyote.http11.Http11NioProtocol        :173  [32m                  [0;39m Starting ProtocolHandler ["http-nio-8880"]
2021-06-09 23:00:52.995 INFO  o.s.boot.web.embedded.tomcat.TomcatWebServer      :220  [32m                  [0;39m Tomcat started on port(s): 8880 (http) with context path ''
2021-06-09 23:00:53.000 INFO  com.cq.wiki.config.WikiApplication                :61   [32m                  [0;39m Started WikiApplication in 0.572 seconds (JVM running for 1885.698)
2021-06-09 23:00:53.002 INFO  o.s.b.d.a.ConditionEvaluationDeltaLoggingListener :63   [32m                  [0;39m Condition evaluation unchanged
2021-06-09 23:00:53.002 INFO  com.cq.wiki.config.WikiApplication                :22   [32m                  [0;39m 启动成功！！
2021-06-09 23:00:53.002 INFO  com.cq.wiki.config.WikiApplication                :23   [32m                  [0;39m 地址: 	http://127.0.0.1:8880
